{"C:\\Projects\\MVP web app\\server\\controllers\\adminController.js": {"path":"C:\\Projects\\MVP web app\\server\\controllers\\adminController.js","statementMap":{"0":{"start":{"line":2,"column":21},"end":{"line":4,"column":3}},"1":{"start":{"line":3,"column":4},"end":{"line":3,"column":48}},"2":{"start":{"line":6,"column":26},"end":{"line":8,"column":3}},"3":{"start":{"line":7,"column":4},"end":{"line":7,"column":48}},"4":{"start":{"line":10,"column":2},"end":{"line":10,"column":53}}},"fnMap":{"0":{"name":"(anonymous_0)","decl":{"start":{"line":2,"column":21},"end":{"line":2,"column":22}},"loc":{"start":{"line":2,"column":35},"end":{"line":4,"column":3}},"line":2},"1":{"name":"(anonymous_1)","decl":{"start":{"line":6,"column":26},"end":{"line":6,"column":27}},"loc":{"start":{"line":6,"column":40},"end":{"line":8,"column":3}},"line":6}},"branchMap":{},"s":{"0":1,"1":0,"2":1,"3":0,"4":1},"f":{"0":0,"1":0},"b":{},"_coverageSchema":"1a1c01bbd47fc00a2c39e90264f33305004495a9","hash":"d50d34a6b678dc9f829590a0e70b1450e5b00071"}
,"C:\\Projects\\MVP web app\\server\\controllers\\basketController.js": {"path":"C:\\Projects\\MVP web app\\server\\controllers\\basketController.js","statementMap":{"0":{"start":{"line":1,"column":21},"end":{"line":1,"column":53}},"1":{"start":{"line":2,"column":15},"end":{"line":2,"column":47}},"2":{"start":{"line":3,"column":13},"end":{"line":3,"column":43}},"3":{"start":{"line":6,"column":26},"end":{"line":12,"column":1}},"4":{"start":{"line":7,"column":15},"end":{"line":7,"column":53}},"5":{"start":{"line":8,"column":2},"end":{"line":10,"column":3}},"6":{"start":{"line":9,"column":4},"end":{"line":9,"column":53}},"7":{"start":{"line":11,"column":2},"end":{"line":11,"column":16}},"8":{"start":{"line":15,"column":18},"end":{"line":18,"column":2}},"9":{"start":{"line":16,"column":17},"end":{"line":16,"column":84}},"10":{"start":{"line":17,"column":2},"end":{"line":17,"column":48}},"11":{"start":{"line":21,"column":20},"end":{"line":50,"column":2}},"12":{"start":{"line":22,"column":21},"end":{"line":22,"column":29}},"13":{"start":{"line":24,"column":15},"end":{"line":24,"column":42}},"14":{"start":{"line":25,"column":2},"end":{"line":28,"column":3}},"15":{"start":{"line":26,"column":4},"end":{"line":26,"column":20}},"16":{"start":{"line":27,"column":4},"end":{"line":27,"column":39}},"17":{"start":{"line":30,"column":17},"end":{"line":30,"column":54}},"18":{"start":{"line":32,"column":24},"end":{"line":32,"column":76}},"19":{"start":{"line":32,"column":47},"end":{"line":32,"column":75}},"20":{"start":{"line":33,"column":2},"end":{"line":36,"column":3}},"21":{"start":{"line":34,"column":4},"end":{"line":34,"column":20}},"22":{"start":{"line":35,"column":4},"end":{"line":35,"column":64}},"23":{"start":{"line":38,"column":2},"end":{"line":38,"column":38}},"24":{"start":{"line":41,"column":2},"end":{"line":41,"column":41}},"25":{"start":{"line":43,"column":2},"end":{"line":43,"column":22}},"26":{"start":{"line":44,"column":20},"end":{"line":44,"column":55}},"27":{"start":{"line":47,"column":2},"end":{"line":47,"column":46}},"28":{"start":{"line":49,"column":2},"end":{"line":49,"column":34}},"29":{"start":{"line":53,"column":25},"end":{"line":72,"column":2}},"30":{"start":{"line":54,"column":17},"end":{"line":54,"column":61}},"31":{"start":{"line":56,"column":2},"end":{"line":59,"column":3}},"32":{"start":{"line":57,"column":4},"end":{"line":57,"column":20}},"33":{"start":{"line":58,"column":4},"end":{"line":58,"column":38}},"34":{"start":{"line":61,"column":24},"end":{"line":61,"column":43}},"35":{"start":{"line":62,"column":2},"end":{"line":62,"column":83}},"36":{"start":{"line":62,"column":42},"end":{"line":62,"column":81}},"37":{"start":{"line":64,"column":2},"end":{"line":67,"column":3}},"38":{"start":{"line":65,"column":4},"end":{"line":65,"column":20}},"39":{"start":{"line":66,"column":4},"end":{"line":66,"column":52}},"40":{"start":{"line":69,"column":2},"end":{"line":69,"column":22}},"41":{"start":{"line":70,"column":20},"end":{"line":70,"column":55}},"42":{"start":{"line":71,"column":2},"end":{"line":71,"column":22}},"43":{"start":{"line":75,"column":20},"end":{"line":78,"column":2}},"44":{"start":{"line":76,"column":18},"end":{"line":76,"column":71}},"45":{"start":{"line":77,"column":2},"end":{"line":77,"column":64}},"46":{"start":{"line":80,"column":0},"end":{"line":85,"column":2}}},"fnMap":{"0":{"name":"(anonymous_0)","decl":{"start":{"line":6,"column":26},"end":{"line":6,"column":27}},"loc":{"start":{"line":6,"column":44},"end":{"line":12,"column":1}},"line":6},"1":{"name":"(anonymous_1)","decl":{"start":{"line":15,"column":31},"end":{"line":15,"column":32}},"loc":{"start":{"line":15,"column":51},"end":{"line":18,"column":1}},"line":15},"2":{"name":"(anonymous_2)","decl":{"start":{"line":21,"column":33},"end":{"line":21,"column":34}},"loc":{"start":{"line":21,"column":53},"end":{"line":50,"column":1}},"line":21},"3":{"name":"(anonymous_3)","decl":{"start":{"line":32,"column":42},"end":{"line":32,"column":43}},"loc":{"start":{"line":32,"column":47},"end":{"line":32,"column":75}},"line":32},"4":{"name":"(anonymous_4)","decl":{"start":{"line":53,"column":38},"end":{"line":53,"column":39}},"loc":{"start":{"line":53,"column":58},"end":{"line":72,"column":1}},"line":53},"5":{"name":"(anonymous_5)","decl":{"start":{"line":62,"column":37},"end":{"line":62,"column":38}},"loc":{"start":{"line":62,"column":42},"end":{"line":62,"column":81}},"line":62},"6":{"name":"(anonymous_6)","decl":{"start":{"line":75,"column":33},"end":{"line":75,"column":34}},"loc":{"start":{"line":75,"column":53},"end":{"line":78,"column":1}},"line":75}},"branchMap":{"0":{"loc":{"start":{"line":8,"column":2},"end":{"line":10,"column":3}},"type":"if","locations":[{"start":{"line":8,"column":2},"end":{"line":10,"column":3}},{"start":{},"end":{}}],"line":8},"1":{"loc":{"start":{"line":17,"column":23},"end":{"line":17,"column":46}},"type":"binary-expr","locations":[{"start":{"line":17,"column":23},"end":{"line":17,"column":29}},{"start":{"line":17,"column":33},"end":{"line":17,"column":46}}],"line":17},"2":{"loc":{"start":{"line":25,"column":2},"end":{"line":28,"column":3}},"type":"if","locations":[{"start":{"line":25,"column":2},"end":{"line":28,"column":3}},{"start":{},"end":{}}],"line":25},"3":{"loc":{"start":{"line":33,"column":2},"end":{"line":36,"column":3}},"type":"if","locations":[{"start":{"line":33,"column":2},"end":{"line":36,"column":3}},{"start":{},"end":{}}],"line":33},"4":{"loc":{"start":{"line":56,"column":2},"end":{"line":59,"column":3}},"type":"if","locations":[{"start":{"line":56,"column":2},"end":{"line":59,"column":3}},{"start":{},"end":{}}],"line":56},"5":{"loc":{"start":{"line":64,"column":2},"end":{"line":67,"column":3}},"type":"if","locations":[{"start":{"line":64,"column":2},"end":{"line":67,"column":3}},{"start":{},"end":{}}],"line":64}},"s":{"0":1,"1":1,"2":1,"3":1,"4":0,"5":0,"6":0,"7":0,"8":1,"9":0,"10":0,"11":1,"12":0,"13":0,"14":0,"15":0,"16":0,"17":0,"18":0,"19":0,"20":0,"21":0,"22":0,"23":0,"24":0,"25":0,"26":0,"27":0,"28":0,"29":1,"30":0,"31":0,"32":0,"33":0,"34":0,"35":0,"36":0,"37":0,"38":0,"39":0,"40":0,"41":0,"42":0,"43":1,"44":0,"45":0,"46":1},"f":{"0":0,"1":0,"2":0,"3":0,"4":0,"5":0,"6":0},"b":{"0":[0,0],"1":[0,0],"2":[0,0],"3":[0,0],"4":[0,0],"5":[0,0]},"_coverageSchema":"1a1c01bbd47fc00a2c39e90264f33305004495a9","hash":"22304df11c03fe6225596301f26818446766716e"}
,"C:\\Projects\\MVP web app\\server\\controllers\\chatController.js": {"path":"C:\\Projects\\MVP web app\\server\\controllers\\chatController.js","statementMap":{"0":{"start":{"line":1,"column":17},"end":{"line":1,"column":36}},"1":{"start":{"line":2,"column":13},"end":{"line":2,"column":43}},"2":{"start":{"line":3,"column":21},"end":{"line":3,"column":53}},"3":{"start":{"line":6,"column":19},"end":{"line":17,"column":1}},"4":{"start":{"line":7,"column":2},"end":{"line":16,"column":3}},"5":{"start":{"line":8,"column":22},"end":{"line":8,"column":30}},"6":{"start":{"line":10,"column":17},"end":{"line":10,"column":36}},"7":{"start":{"line":11,"column":4},"end":{"line":11,"column":22}},"8":{"start":{"line":12,"column":4},"end":{"line":12,"column":31}},"9":{"start":{"line":14,"column":4},"end":{"line":14,"column":21}},"10":{"start":{"line":15,"column":4},"end":{"line":15,"column":87}},"11":{"start":{"line":20,"column":20},"end":{"line":37,"column":2}},"12":{"start":{"line":21,"column":30},"end":{"line":21,"column":38}},"13":{"start":{"line":22,"column":17},"end":{"line":22,"column":29}},"14":{"start":{"line":23,"column":2},"end":{"line":25,"column":3}},"15":{"start":{"line":24,"column":4},"end":{"line":24,"column":92}},"16":{"start":{"line":26,"column":2},"end":{"line":28,"column":3}},"17":{"start":{"line":27,"column":4},"end":{"line":27,"column":61}},"18":{"start":{"line":29,"column":15},"end":{"line":29,"column":42}},"19":{"start":{"line":30,"column":2},"end":{"line":32,"column":3}},"20":{"start":{"line":31,"column":4},"end":{"line":31,"column":62}},"21":{"start":{"line":33,"column":21},"end":{"line":33,"column":40}},"22":{"start":{"line":34,"column":2},"end":{"line":34,"column":33}},"23":{"start":{"line":35,"column":2},"end":{"line":35,"column":20}},"24":{"start":{"line":36,"column":2},"end":{"line":36,"column":67}},"25":{"start":{"line":40,"column":24},"end":{"line":50,"column":2}},"26":{"start":{"line":41,"column":21},"end":{"line":41,"column":31}},"27":{"start":{"line":42,"column":2},"end":{"line":44,"column":3}},"28":{"start":{"line":43,"column":4},"end":{"line":43,"column":61}},"29":{"start":{"line":45,"column":15},"end":{"line":45,"column":88}},"30":{"start":{"line":46,"column":2},"end":{"line":48,"column":3}},"31":{"start":{"line":47,"column":4},"end":{"line":47,"column":62}},"32":{"start":{"line":49,"column":2},"end":{"line":49,"column":38}},"33":{"start":{"line":53,"column":24},"end":{"line":65,"column":2}},"34":{"start":{"line":54,"column":24},"end":{"line":54,"column":34}},"35":{"start":{"line":56,"column":15},"end":{"line":56,"column":64}},"36":{"start":{"line":58,"column":2},"end":{"line":61,"column":3}},"37":{"start":{"line":59,"column":4},"end":{"line":59,"column":58}},"38":{"start":{"line":60,"column":4},"end":{"line":60,"column":11}},"39":{"start":{"line":63,"column":18},"end":{"line":63,"column":45}},"40":{"start":{"line":64,"column":2},"end":{"line":64,"column":55}},"41":{"start":{"line":68,"column":22},"end":{"line":80,"column":2}},"42":{"start":{"line":69,"column":24},"end":{"line":69,"column":34}},"43":{"start":{"line":70,"column":2},"end":{"line":72,"column":3}},"44":{"start":{"line":71,"column":4},"end":{"line":71,"column":64}},"45":{"start":{"line":73,"column":15},"end":{"line":73,"column":64}},"46":{"start":{"line":74,"column":2},"end":{"line":76,"column":3}},"47":{"start":{"line":75,"column":4},"end":{"line":75,"column":65}},"48":{"start":{"line":77,"column":2},"end":{"line":77,"column":82}},"49":{"start":{"line":77,"column":48},"end":{"line":77,"column":80}},"50":{"start":{"line":78,"column":2},"end":{"line":78,"column":20}},"51":{"start":{"line":79,"column":2},"end":{"line":79,"column":67}},"52":{"start":{"line":82,"column":0},"end":{"line":88,"column":2}}},"fnMap":{"0":{"name":"(anonymous_0)","decl":{"start":{"line":6,"column":19},"end":{"line":6,"column":20}},"loc":{"start":{"line":6,"column":39},"end":{"line":17,"column":1}},"line":6},"1":{"name":"(anonymous_1)","decl":{"start":{"line":20,"column":33},"end":{"line":20,"column":34}},"loc":{"start":{"line":20,"column":53},"end":{"line":37,"column":1}},"line":20},"2":{"name":"(anonymous_2)","decl":{"start":{"line":40,"column":37},"end":{"line":40,"column":38}},"loc":{"start":{"line":40,"column":57},"end":{"line":50,"column":1}},"line":40},"3":{"name":"(anonymous_3)","decl":{"start":{"line":53,"column":37},"end":{"line":53,"column":38}},"loc":{"start":{"line":53,"column":57},"end":{"line":65,"column":1}},"line":53},"4":{"name":"(anonymous_4)","decl":{"start":{"line":68,"column":35},"end":{"line":68,"column":36}},"loc":{"start":{"line":68,"column":55},"end":{"line":80,"column":1}},"line":68},"5":{"name":"(anonymous_5)","decl":{"start":{"line":77,"column":39},"end":{"line":77,"column":40}},"loc":{"start":{"line":77,"column":48},"end":{"line":77,"column":80}},"line":77}},"branchMap":{"0":{"loc":{"start":{"line":23,"column":2},"end":{"line":25,"column":3}},"type":"if","locations":[{"start":{"line":23,"column":2},"end":{"line":25,"column":3}},{"start":{},"end":{}}],"line":23},"1":{"loc":{"start":{"line":23,"column":6},"end":{"line":23,"column":25}},"type":"binary-expr","locations":[{"start":{"line":23,"column":6},"end":{"line":23,"column":13}},{"start":{"line":23,"column":17},"end":{"line":23,"column":25}}],"line":23},"2":{"loc":{"start":{"line":26,"column":2},"end":{"line":28,"column":3}},"type":"if","locations":[{"start":{"line":26,"column":2},"end":{"line":28,"column":3}},{"start":{},"end":{}}],"line":26},"3":{"loc":{"start":{"line":30,"column":2},"end":{"line":32,"column":3}},"type":"if","locations":[{"start":{"line":30,"column":2},"end":{"line":32,"column":3}},{"start":{},"end":{}}],"line":30},"4":{"loc":{"start":{"line":42,"column":2},"end":{"line":44,"column":3}},"type":"if","locations":[{"start":{"line":42,"column":2},"end":{"line":44,"column":3}},{"start":{},"end":{}}],"line":42},"5":{"loc":{"start":{"line":46,"column":2},"end":{"line":48,"column":3}},"type":"if","locations":[{"start":{"line":46,"column":2},"end":{"line":48,"column":3}},{"start":{},"end":{}}],"line":46},"6":{"loc":{"start":{"line":58,"column":2},"end":{"line":61,"column":3}},"type":"if","locations":[{"start":{"line":58,"column":2},"end":{"line":61,"column":3}},{"start":{},"end":{}}],"line":58},"7":{"loc":{"start":{"line":70,"column":2},"end":{"line":72,"column":3}},"type":"if","locations":[{"start":{"line":70,"column":2},"end":{"line":72,"column":3}},{"start":{},"end":{}}],"line":70},"8":{"loc":{"start":{"line":74,"column":2},"end":{"line":76,"column":3}},"type":"if","locations":[{"start":{"line":74,"column":2},"end":{"line":76,"column":3}},{"start":{},"end":{}}],"line":74}},"s":{"0":1,"1":1,"2":1,"3":1,"4":0,"5":0,"6":0,"7":0,"8":0,"9":0,"10":0,"11":1,"12":0,"13":0,"14":0,"15":0,"16":0,"17":0,"18":0,"19":0,"20":0,"21":0,"22":0,"23":0,"24":0,"25":1,"26":0,"27":0,"28":0,"29":0,"30":0,"31":0,"32":0,"33":1,"34":0,"35":0,"36":0,"37":0,"38":0,"39":0,"40":0,"41":1,"42":0,"43":0,"44":0,"45":0,"46":0,"47":0,"48":0,"49":0,"50":0,"51":0,"52":1},"f":{"0":0,"1":0,"2":0,"3":0,"4":0,"5":0},"b":{"0":[0,0],"1":[0,0],"2":[0,0],"3":[0,0],"4":[0,0],"5":[0,0],"6":[0,0],"7":[0,0],"8":[0,0]},"_coverageSchema":"1a1c01bbd47fc00a2c39e90264f33305004495a9","hash":"621b839468afa2cf29f9d009640456cc2d840baa"}
,"C:\\Projects\\MVP web app\\server\\controllers\\disputeController.js": {"path":"C:\\Projects\\MVP web app\\server\\controllers\\disputeController.js","statementMap":{"0":{"start":{"line":2,"column":22},"end":{"line":4,"column":3}},"1":{"start":{"line":3,"column":4},"end":{"line":3,"column":45}},"2":{"start":{"line":6,"column":25},"end":{"line":8,"column":3}},"3":{"start":{"line":7,"column":4},"end":{"line":7,"column":46}},"4":{"start":{"line":10,"column":2},"end":{"line":10,"column":53}}},"fnMap":{"0":{"name":"(anonymous_0)","decl":{"start":{"line":2,"column":22},"end":{"line":2,"column":23}},"loc":{"start":{"line":2,"column":36},"end":{"line":4,"column":3}},"line":2},"1":{"name":"(anonymous_1)","decl":{"start":{"line":6,"column":25},"end":{"line":6,"column":26}},"loc":{"start":{"line":6,"column":39},"end":{"line":8,"column":3}},"line":6}},"branchMap":{},"s":{"0":1,"1":0,"2":1,"3":0,"4":1},"f":{"0":0,"1":0},"b":{},"_coverageSchema":"1a1c01bbd47fc00a2c39e90264f33305004495a9","hash":"6d73924add378c2801117d74f2d629a4c999138b"}
,"C:\\Projects\\MVP web app\\server\\controllers\\escrowController.js": {"path":"C:\\Projects\\MVP web app\\server\\controllers\\escrowController.js","statementMap":{"0":{"start":{"line":1,"column":21},"end":{"line":5,"column":3}},"1":{"start":{"line":4,"column":4},"end":{"line":4,"column":44}},"2":{"start":{"line":7,"column":24},"end":{"line":11,"column":3}},"3":{"start":{"line":10,"column":4},"end":{"line":10,"column":45}},"4":{"start":{"line":13,"column":2},"end":{"line":13,"column":51}}},"fnMap":{"0":{"name":"(anonymous_0)","decl":{"start":{"line":1,"column":21},"end":{"line":1,"column":22}},"loc":{"start":{"line":1,"column":35},"end":{"line":5,"column":3}},"line":1},"1":{"name":"(anonymous_1)","decl":{"start":{"line":7,"column":24},"end":{"line":7,"column":25}},"loc":{"start":{"line":7,"column":38},"end":{"line":11,"column":3}},"line":7}},"branchMap":{},"s":{"0":1,"1":0,"2":1,"3":0,"4":1},"f":{"0":0,"1":0},"b":{},"_coverageSchema":"1a1c01bbd47fc00a2c39e90264f33305004495a9","hash":"801a4ee378d07c4949a2fa188d009897a6581a62"}
,"C:\\Projects\\MVP web app\\server\\controllers\\itemController.js": {"path":"C:\\Projects\\MVP web app\\server\\controllers\\itemController.js","statementMap":{"0":{"start":{"line":3,"column":21},"end":{"line":3,"column":53}},"1":{"start":{"line":4,"column":13},"end":{"line":4,"column":43}},"2":{"start":{"line":5,"column":13},"end":{"line":5,"column":38}},"3":{"start":{"line":8,"column":19},"end":{"line":41,"column":2}},"4":{"start":{"line":9,"column":45},"end":{"line":9,"column":53}},"5":{"start":{"line":12,"column":2},"end":{"line":16,"column":3}},"6":{"start":{"line":13,"column":4},"end":{"line":13,"column":20}},"7":{"start":{"line":14,"column":4},"end":{"line":14,"column":53}},"8":{"start":{"line":15,"column":4},"end":{"line":15,"column":47}},"9":{"start":{"line":19,"column":17},"end":{"line":19,"column":29}},"10":{"start":{"line":22,"column":2},"end":{"line":22,"column":39}},"11":{"start":{"line":23,"column":20},"end":{"line":23,"column":69}},"12":{"start":{"line":23,"column":54},"end":{"line":23,"column":63}},"13":{"start":{"line":25,"column":2},"end":{"line":40,"column":3}},"14":{"start":{"line":27,"column":17},"end":{"line":34,"column":6}},"15":{"start":{"line":37,"column":4},"end":{"line":37,"column":31}},"16":{"start":{"line":39,"column":4},"end":{"line":39,"column":91}},"17":{"start":{"line":44,"column":20},"end":{"line":51,"column":2}},"18":{"start":{"line":45,"column":2},"end":{"line":50,"column":3}},"19":{"start":{"line":46,"column":18},"end":{"line":46,"column":72}},"20":{"start":{"line":47,"column":4},"end":{"line":47,"column":32}},"21":{"start":{"line":49,"column":4},"end":{"line":49,"column":94}},"22":{"start":{"line":54,"column":20},"end":{"line":68,"column":1}},"23":{"start":{"line":55,"column":2},"end":{"line":67,"column":3}},"24":{"start":{"line":56,"column":17},"end":{"line":58,"column":11}},"25":{"start":{"line":60,"column":2},"end":{"line":62,"column":3}},"26":{"start":{"line":61,"column":4},"end":{"line":61,"column":81}},"27":{"start":{"line":64,"column":4},"end":{"line":64,"column":31}},"28":{"start":{"line":66,"column":4},"end":{"line":66,"column":74}},"29":{"start":{"line":71,"column":19},"end":{"line":88,"column":2}},"30":{"start":{"line":72,"column":2},"end":{"line":87,"column":3}},"31":{"start":{"line":73,"column":17},"end":{"line":73,"column":51}},"32":{"start":{"line":75,"column":4},"end":{"line":77,"column":5}},"33":{"start":{"line":76,"column":6},"end":{"line":76,"column":66}},"34":{"start":{"line":79,"column":4},"end":{"line":81,"column":5}},"35":{"start":{"line":80,"column":6},"end":{"line":80,"column":80}},"36":{"start":{"line":83,"column":24},"end":{"line":83,"column":92}},"37":{"start":{"line":84,"column":4},"end":{"line":84,"column":38}},"38":{"start":{"line":86,"column":4},"end":{"line":86,"column":76}},"39":{"start":{"line":91,"column":19},"end":{"line":108,"column":2}},"40":{"start":{"line":92,"column":2},"end":{"line":107,"column":3}},"41":{"start":{"line":93,"column":17},"end":{"line":93,"column":51}},"42":{"start":{"line":95,"column":4},"end":{"line":97,"column":5}},"43":{"start":{"line":96,"column":6},"end":{"line":96,"column":66}},"44":{"start":{"line":99,"column":4},"end":{"line":104,"column":5}},"45":{"start":{"line":100,"column":6},"end":{"line":100,"column":50}},"46":{"start":{"line":101,"column":6},"end":{"line":101,"column":59}},"47":{"start":{"line":103,"column":6},"end":{"line":103,"column":60}},"48":{"start":{"line":106,"column":4},"end":{"line":106,"column":76}},"49":{"start":{"line":111,"column":20},"end":{"line":125,"column":2}},"50":{"start":{"line":112,"column":16},"end":{"line":112,"column":32}},"51":{"start":{"line":114,"column":2},"end":{"line":124,"column":3}},"52":{"start":{"line":115,"column":18},"end":{"line":115,"column":77}},"53":{"start":{"line":117,"column":4},"end":{"line":121,"column":5}},"54":{"start":{"line":118,"column":6},"end":{"line":118,"column":41}},"55":{"start":{"line":120,"column":6},"end":{"line":120,"column":84}},"56":{"start":{"line":123,"column":4},"end":{"line":123,"column":76}},"57":{"start":{"line":128,"column":25},"end":{"line":137,"column":2}},"58":{"start":{"line":129,"column":19},"end":{"line":129,"column":38}},"59":{"start":{"line":131,"column":2},"end":{"line":136,"column":3}},"60":{"start":{"line":132,"column":18},"end":{"line":132,"column":55}},"61":{"start":{"line":133,"column":4},"end":{"line":133,"column":32}},"62":{"start":{"line":135,"column":4},"end":{"line":135,"column":76}},"63":{"start":{"line":140,"column":21},"end":{"line":153,"column":2}},"64":{"start":{"line":141,"column":2},"end":{"line":152,"column":3}},"65":{"start":{"line":142,"column":17},"end":{"line":142,"column":51}},"66":{"start":{"line":144,"column":4},"end":{"line":146,"column":5}},"67":{"start":{"line":145,"column":6},"end":{"line":145,"column":66}},"68":{"start":{"line":149,"column":4},"end":{"line":149,"column":79}},"69":{"start":{"line":151,"column":4},"end":{"line":151,"column":76}},"70":{"start":{"line":155,"column":0},"end":{"line":164,"column":2}}},"fnMap":{"0":{"name":"(anonymous_0)","decl":{"start":{"line":8,"column":32},"end":{"line":8,"column":33}},"loc":{"start":{"line":8,"column":52},"end":{"line":41,"column":1}},"line":8},"1":{"name":"(anonymous_1)","decl":{"start":{"line":23,"column":46},"end":{"line":23,"column":47}},"loc":{"start":{"line":23,"column":54},"end":{"line":23,"column":63}},"line":23},"2":{"name":"(anonymous_2)","decl":{"start":{"line":44,"column":33},"end":{"line":44,"column":34}},"loc":{"start":{"line":44,"column":53},"end":{"line":51,"column":1}},"line":44},"3":{"name":"(anonymous_3)","decl":{"start":{"line":54,"column":20},"end":{"line":54,"column":21}},"loc":{"start":{"line":54,"column":40},"end":{"line":68,"column":1}},"line":54},"4":{"name":"(anonymous_4)","decl":{"start":{"line":71,"column":32},"end":{"line":71,"column":33}},"loc":{"start":{"line":71,"column":52},"end":{"line":88,"column":1}},"line":71},"5":{"name":"(anonymous_5)","decl":{"start":{"line":91,"column":32},"end":{"line":91,"column":33}},"loc":{"start":{"line":91,"column":52},"end":{"line":108,"column":1}},"line":91},"6":{"name":"(anonymous_6)","decl":{"start":{"line":111,"column":33},"end":{"line":111,"column":34}},"loc":{"start":{"line":111,"column":53},"end":{"line":125,"column":1}},"line":111},"7":{"name":"(anonymous_7)","decl":{"start":{"line":128,"column":38},"end":{"line":128,"column":39}},"loc":{"start":{"line":128,"column":58},"end":{"line":137,"column":1}},"line":128},"8":{"name":"(anonymous_8)","decl":{"start":{"line":140,"column":34},"end":{"line":140,"column":35}},"loc":{"start":{"line":140,"column":54},"end":{"line":153,"column":1}},"line":140}},"branchMap":{"0":{"loc":{"start":{"line":12,"column":2},"end":{"line":16,"column":3}},"type":"if","locations":[{"start":{"line":12,"column":2},"end":{"line":16,"column":3}},{"start":{},"end":{}}],"line":12},"1":{"loc":{"start":{"line":12,"column":6},"end":{"line":12,"column":30}},"type":"binary-expr","locations":[{"start":{"line":12,"column":6},"end":{"line":12,"column":11}},{"start":{"line":12,"column":15},"end":{"line":12,"column":20}},{"start":{"line":12,"column":24},"end":{"line":12,"column":30}}],"line":12},"2":{"loc":{"start":{"line":23,"column":20},"end":{"line":23,"column":69}},"type":"cond-expr","locations":[{"start":{"line":23,"column":32},"end":{"line":23,"column":64}},{"start":{"line":23,"column":67},"end":{"line":23,"column":69}}],"line":23},"3":{"loc":{"start":{"line":60,"column":2},"end":{"line":62,"column":3}},"type":"if","locations":[{"start":{"line":60,"column":2},"end":{"line":62,"column":3}},{"start":{},"end":{}}],"line":60},"4":{"loc":{"start":{"line":60,"column":6},"end":{"line":60,"column":27}},"type":"binary-expr","locations":[{"start":{"line":60,"column":6},"end":{"line":60,"column":11}},{"start":{"line":60,"column":15},"end":{"line":60,"column":27}}],"line":60},"5":{"loc":{"start":{"line":75,"column":4},"end":{"line":77,"column":5}},"type":"if","locations":[{"start":{"line":75,"column":4},"end":{"line":77,"column":5}},{"start":{},"end":{}}],"line":75},"6":{"loc":{"start":{"line":79,"column":4},"end":{"line":81,"column":5}},"type":"if","locations":[{"start":{"line":79,"column":4},"end":{"line":81,"column":5}},{"start":{},"end":{}}],"line":79},"7":{"loc":{"start":{"line":95,"column":4},"end":{"line":97,"column":5}},"type":"if","locations":[{"start":{"line":95,"column":4},"end":{"line":97,"column":5}},{"start":{},"end":{}}],"line":95},"8":{"loc":{"start":{"line":99,"column":4},"end":{"line":104,"column":5}},"type":"if","locations":[{"start":{"line":99,"column":4},"end":{"line":104,"column":5}},{"start":{"line":102,"column":11},"end":{"line":104,"column":5}}],"line":99},"9":{"loc":{"start":{"line":99,"column":8},"end":{"line":99,"column":78}},"type":"binary-expr","locations":[{"start":{"line":99,"column":8},"end":{"line":99,"column":58}},{"start":{"line":99,"column":62},"end":{"line":99,"column":78}}],"line":99},"10":{"loc":{"start":{"line":117,"column":4},"end":{"line":121,"column":5}},"type":"if","locations":[{"start":{"line":117,"column":4},"end":{"line":121,"column":5}},{"start":{"line":119,"column":11},"end":{"line":121,"column":5}}],"line":117},"11":{"loc":{"start":{"line":144,"column":4},"end":{"line":146,"column":5}},"type":"if","locations":[{"start":{"line":144,"column":4},"end":{"line":146,"column":5}},{"start":{},"end":{}}],"line":144}},"s":{"0":1,"1":1,"2":1,"3":1,"4":0,"5":0,"6":0,"7":0,"8":0,"9":0,"10":0,"11":0,"12":0,"13":0,"14":0,"15":0,"16":0,"17":1,"18":0,"19":0,"20":0,"21":0,"22":1,"23":0,"24":0,"25":0,"26":0,"27":0,"28":0,"29":1,"30":0,"31":0,"32":0,"33":0,"34":0,"35":0,"36":0,"37":0,"38":0,"39":1,"40":0,"41":0,"42":0,"43":0,"44":0,"45":0,"46":0,"47":0,"48":0,"49":1,"50":0,"51":0,"52":0,"53":0,"54":0,"55":0,"56":0,"57":1,"58":0,"59":0,"60":0,"61":0,"62":0,"63":1,"64":0,"65":0,"66":0,"67":0,"68":0,"69":0,"70":1},"f":{"0":0,"1":0,"2":0,"3":0,"4":0,"5":0,"6":0,"7":0,"8":0},"b":{"0":[0,0],"1":[0,0,0],"2":[0,0],"3":[0,0],"4":[0,0],"5":[0,0],"6":[0,0],"7":[0,0],"8":[0,0],"9":[0,0],"10":[0,0],"11":[0,0]},"_coverageSchema":"1a1c01bbd47fc00a2c39e90264f33305004495a9","hash":"0d65b8e431f30619241f0188d5e22511be2de6c5"}
,"C:\\Projects\\MVP web app\\server\\controllers\\orderController.js": {"path":"C:\\Projects\\MVP web app\\server\\controllers\\orderController.js","statementMap":{"0":{"start":{"line":3,"column":21},"end":{"line":3,"column":53}},"1":{"start":{"line":4,"column":14},"end":{"line":4,"column":45}},"2":{"start":{"line":7,"column":20},"end":{"line":43,"column":2}},"3":{"start":{"line":8,"column":52},"end":{"line":8,"column":60}},"4":{"start":{"line":9,"column":16},"end":{"line":9,"column":40}},"5":{"start":{"line":12,"column":19},"end":{"line":12,"column":60}},"6":{"start":{"line":14,"column":2},"end":{"line":19,"column":5}},"7":{"start":{"line":21,"column":2},"end":{"line":42,"column":3}},"8":{"start":{"line":23,"column":20},"end":{"line":23,"column":41}},"9":{"start":{"line":26,"column":21},"end":{"line":26,"column":39}},"10":{"start":{"line":28,"column":4},"end":{"line":30,"column":6}},"11":{"start":{"line":32,"column":4},"end":{"line":35,"column":7}},"12":{"start":{"line":37,"column":4},"end":{"line":37,"column":47}},"13":{"start":{"line":38,"column":4},"end":{"line":41,"column":7}},"14":{"start":{"line":46,"column":18},"end":{"line":60,"column":2}},"15":{"start":{"line":47,"column":17},"end":{"line":47,"column":28}},"16":{"start":{"line":48,"column":15},"end":{"line":48,"column":28}},"17":{"start":{"line":50,"column":17},"end":{"line":52,"column":54}},"18":{"start":{"line":54,"column":17},"end":{"line":57,"column":21}},"19":{"start":{"line":59,"column":2},"end":{"line":59,"column":31}},"20":{"start":{"line":63,"column":21},"end":{"line":82,"column":2}},"21":{"start":{"line":64,"column":16},"end":{"line":67,"column":21}},"22":{"start":{"line":69,"column":2},"end":{"line":72,"column":3}},"23":{"start":{"line":70,"column":4},"end":{"line":70,"column":20}},"24":{"start":{"line":71,"column":4},"end":{"line":71,"column":42}},"25":{"start":{"line":74,"column":17},"end":{"line":74,"column":28}},"26":{"start":{"line":75,"column":15},"end":{"line":75,"column":28}},"27":{"start":{"line":76,"column":2},"end":{"line":79,"column":3}},"28":{"start":{"line":77,"column":4},"end":{"line":77,"column":20}},"29":{"start":{"line":78,"column":4},"end":{"line":78,"column":60}},"30":{"start":{"line":81,"column":2},"end":{"line":81,"column":30}},"31":{"start":{"line":85,"column":26},"end":{"line":123,"column":2}},"32":{"start":{"line":86,"column":2},"end":{"line":122,"column":3}},"33":{"start":{"line":87,"column":18},"end":{"line":87,"column":53}},"34":{"start":{"line":88,"column":4},"end":{"line":91,"column":5}},"35":{"start":{"line":89,"column":6},"end":{"line":89,"column":22}},"36":{"start":{"line":90,"column":6},"end":{"line":90,"column":44}},"37":{"start":{"line":93,"column":19},"end":{"line":93,"column":30}},"38":{"start":{"line":94,"column":34},"end":{"line":94,"column":42}},"39":{"start":{"line":97,"column":4},"end":{"line":100,"column":5}},"40":{"start":{"line":98,"column":6},"end":{"line":98,"column":22}},"41":{"start":{"line":99,"column":6},"end":{"line":99,"column":66}},"42":{"start":{"line":102,"column":20},"end":{"line":102,"column":71}},"43":{"start":{"line":103,"column":4},"end":{"line":106,"column":5}},"44":{"start":{"line":104,"column":6},"end":{"line":104,"column":22}},"45":{"start":{"line":105,"column":6},"end":{"line":105,"column":71}},"46":{"start":{"line":108,"column":22},"end":{"line":108,"column":34}},"47":{"start":{"line":109,"column":4},"end":{"line":109,"column":29}},"48":{"start":{"line":110,"column":4},"end":{"line":115,"column":7}},"49":{"start":{"line":117,"column":4},"end":{"line":117,"column":23}},"50":{"start":{"line":118,"column":4},"end":{"line":118,"column":77}},"51":{"start":{"line":120,"column":4},"end":{"line":120,"column":53}},"52":{"start":{"line":121,"column":4},"end":{"line":121,"column":103}},"53":{"start":{"line":126,"column":20},"end":{"line":150,"column":2}},"54":{"start":{"line":127,"column":16},"end":{"line":127,"column":51}},"55":{"start":{"line":128,"column":2},"end":{"line":131,"column":3}},"56":{"start":{"line":129,"column":4},"end":{"line":129,"column":20}},"57":{"start":{"line":130,"column":4},"end":{"line":130,"column":42}},"58":{"start":{"line":133,"column":17},"end":{"line":133,"column":28}},"59":{"start":{"line":134,"column":15},"end":{"line":134,"column":28}},"60":{"start":{"line":135,"column":2},"end":{"line":138,"column":3}},"61":{"start":{"line":136,"column":4},"end":{"line":136,"column":20}},"62":{"start":{"line":137,"column":4},"end":{"line":137,"column":43}},"63":{"start":{"line":139,"column":2},"end":{"line":142,"column":3}},"64":{"start":{"line":140,"column":4},"end":{"line":140,"column":20}},"65":{"start":{"line":141,"column":4},"end":{"line":141,"column":62}},"66":{"start":{"line":144,"column":20},"end":{"line":144,"column":32}},"67":{"start":{"line":145,"column":2},"end":{"line":145,"column":29}},"68":{"start":{"line":146,"column":2},"end":{"line":146,"column":96}},"69":{"start":{"line":148,"column":2},"end":{"line":148,"column":21}},"70":{"start":{"line":149,"column":2},"end":{"line":149,"column":66}},"71":{"start":{"line":153,"column":24},"end":{"line":183,"column":2}},"72":{"start":{"line":154,"column":2},"end":{"line":182,"column":3}},"73":{"start":{"line":155,"column":18},"end":{"line":155,"column":53}},"74":{"start":{"line":156,"column":4},"end":{"line":159,"column":5}},"75":{"start":{"line":157,"column":6},"end":{"line":157,"column":22}},"76":{"start":{"line":158,"column":6},"end":{"line":158,"column":44}},"77":{"start":{"line":161,"column":19},"end":{"line":161,"column":30}},"78":{"start":{"line":163,"column":4},"end":{"line":166,"column":5}},"79":{"start":{"line":164,"column":6},"end":{"line":164,"column":22}},"80":{"start":{"line":165,"column":6},"end":{"line":165,"column":53}},"81":{"start":{"line":168,"column":22},"end":{"line":168,"column":34}},"82":{"start":{"line":169,"column":4},"end":{"line":169,"column":30}},"83":{"start":{"line":170,"column":4},"end":{"line":175,"column":7}},"84":{"start":{"line":177,"column":4},"end":{"line":177,"column":23}},"85":{"start":{"line":178,"column":4},"end":{"line":178,"column":75}},"86":{"start":{"line":180,"column":4},"end":{"line":180,"column":51}},"87":{"start":{"line":181,"column":4},"end":{"line":181,"column":103}},"88":{"start":{"line":185,"column":0},"end":{"line":192,"column":2}}},"fnMap":{"0":{"name":"(anonymous_0)","decl":{"start":{"line":7,"column":33},"end":{"line":7,"column":34}},"loc":{"start":{"line":7,"column":53},"end":{"line":43,"column":1}},"line":7},"1":{"name":"(anonymous_1)","decl":{"start":{"line":46,"column":31},"end":{"line":46,"column":32}},"loc":{"start":{"line":46,"column":51},"end":{"line":60,"column":1}},"line":46},"2":{"name":"(anonymous_2)","decl":{"start":{"line":63,"column":34},"end":{"line":63,"column":35}},"loc":{"start":{"line":63,"column":54},"end":{"line":82,"column":1}},"line":63},"3":{"name":"(anonymous_3)","decl":{"start":{"line":85,"column":39},"end":{"line":85,"column":40}},"loc":{"start":{"line":85,"column":59},"end":{"line":123,"column":1}},"line":85},"4":{"name":"(anonymous_4)","decl":{"start":{"line":126,"column":33},"end":{"line":126,"column":34}},"loc":{"start":{"line":126,"column":53},"end":{"line":150,"column":1}},"line":126},"5":{"name":"(anonymous_5)","decl":{"start":{"line":153,"column":37},"end":{"line":153,"column":38}},"loc":{"start":{"line":153,"column":57},"end":{"line":183,"column":1}},"line":153}},"branchMap":{"0":{"loc":{"start":{"line":9,"column":16},"end":{"line":9,"column":40}},"type":"binary-expr","locations":[{"start":{"line":9,"column":16},"end":{"line":9,"column":27}},{"start":{"line":9,"column":31},"end":{"line":9,"column":40}}],"line":9},"1":{"loc":{"start":{"line":50,"column":17},"end":{"line":52,"column":54}},"type":"cond-expr","locations":[{"start":{"line":51,"column":6},"end":{"line":51,"column":8}},{"start":{"line":52,"column":6},"end":{"line":52,"column":54}}],"line":50},"2":{"loc":{"start":{"line":69,"column":2},"end":{"line":72,"column":3}},"type":"if","locations":[{"start":{"line":69,"column":2},"end":{"line":72,"column":3}},{"start":{},"end":{}}],"line":69},"3":{"loc":{"start":{"line":76,"column":2},"end":{"line":79,"column":3}},"type":"if","locations":[{"start":{"line":76,"column":2},"end":{"line":79,"column":3}},{"start":{},"end":{}}],"line":76},"4":{"loc":{"start":{"line":76,"column":6},"end":{"line":76,"column":105}},"type":"binary-expr","locations":[{"start":{"line":76,"column":6},"end":{"line":76,"column":22}},{"start":{"line":76,"column":26},"end":{"line":76,"column":63}},{"start":{"line":76,"column":67},"end":{"line":76,"column":105}}],"line":76},"5":{"loc":{"start":{"line":88,"column":4},"end":{"line":91,"column":5}},"type":"if","locations":[{"start":{"line":88,"column":4},"end":{"line":91,"column":5}},{"start":{},"end":{}}],"line":88},"6":{"loc":{"start":{"line":97,"column":4},"end":{"line":100,"column":5}},"type":"if","locations":[{"start":{"line":97,"column":4},"end":{"line":100,"column":5}},{"start":{},"end":{}}],"line":97},"7":{"loc":{"start":{"line":97,"column":53},"end":{"line":97,"column":97}},"type":"cond-expr","locations":[{"start":{"line":97,"column":81},"end":{"line":97,"column":88}},{"start":{"line":97,"column":91},"end":{"line":97,"column":97}}],"line":97},"8":{"loc":{"start":{"line":103,"column":4},"end":{"line":106,"column":5}},"type":"if","locations":[{"start":{"line":103,"column":4},"end":{"line":106,"column":5}},{"start":{},"end":{}}],"line":103},"9":{"loc":{"start":{"line":114,"column":12},"end":{"line":114,"column":31}},"type":"binary-expr","locations":[{"start":{"line":114,"column":12},"end":{"line":114,"column":25}},{"start":{"line":114,"column":29},"end":{"line":114,"column":31}}],"line":114},"10":{"loc":{"start":{"line":128,"column":2},"end":{"line":131,"column":3}},"type":"if","locations":[{"start":{"line":128,"column":2},"end":{"line":131,"column":3}},{"start":{},"end":{}}],"line":128},"11":{"loc":{"start":{"line":135,"column":2},"end":{"line":138,"column":3}},"type":"if","locations":[{"start":{"line":135,"column":2},"end":{"line":138,"column":3}},{"start":{},"end":{}}],"line":135},"12":{"loc":{"start":{"line":135,"column":6},"end":{"line":135,"column":42}},"type":"binary-expr","locations":[{"start":{"line":135,"column":6},"end":{"line":135,"column":22}},{"start":{"line":135,"column":26},"end":{"line":135,"column":42}}],"line":135},"13":{"loc":{"start":{"line":139,"column":2},"end":{"line":142,"column":3}},"type":"if","locations":[{"start":{"line":139,"column":2},"end":{"line":142,"column":3}},{"start":{},"end":{}}],"line":139},"14":{"loc":{"start":{"line":139,"column":6},"end":{"line":139,"column":63}},"type":"binary-expr","locations":[{"start":{"line":139,"column":6},"end":{"line":139,"column":22}},{"start":{"line":139,"column":26},"end":{"line":139,"column":63}}],"line":139},"15":{"loc":{"start":{"line":156,"column":4},"end":{"line":159,"column":5}},"type":"if","locations":[{"start":{"line":156,"column":4},"end":{"line":159,"column":5}},{"start":{},"end":{}}],"line":156},"16":{"loc":{"start":{"line":163,"column":4},"end":{"line":166,"column":5}},"type":"if","locations":[{"start":{"line":163,"column":4},"end":{"line":166,"column":5}},{"start":{},"end":{}}],"line":163},"17":{"loc":{"start":{"line":163,"column":8},"end":{"line":163,"column":74}},"type":"binary-expr","locations":[{"start":{"line":163,"column":8},"end":{"line":163,"column":45}},{"start":{"line":163,"column":49},"end":{"line":163,"column":74}}],"line":163}},"s":{"0":1,"1":1,"2":1,"3":1,"4":1,"5":1,"6":1,"7":1,"8":1,"9":1,"10":1,"11":1,"12":0,"13":0,"14":1,"15":1,"16":1,"17":1,"18":1,"19":1,"20":1,"21":1,"22":1,"23":0,"24":0,"25":1,"26":1,"27":1,"28":0,"29":0,"30":1,"31":1,"32":1,"33":1,"34":1,"35":0,"36":0,"37":1,"38":1,"39":1,"40":0,"41":0,"42":1,"43":1,"44":0,"45":0,"46":1,"47":1,"48":1,"49":1,"50":1,"51":0,"52":0,"53":1,"54":0,"55":0,"56":0,"57":0,"58":0,"59":0,"60":0,"61":0,"62":0,"63":0,"64":0,"65":0,"66":0,"67":0,"68":0,"69":0,"70":0,"71":1,"72":1,"73":1,"74":1,"75":0,"76":0,"77":1,"78":1,"79":0,"80":0,"81":1,"82":1,"83":1,"84":1,"85":1,"86":0,"87":0,"88":1},"f":{"0":1,"1":1,"2":1,"3":1,"4":0,"5":1},"b":{"0":[1,0],"1":[0,1],"2":[0,1],"3":[0,1],"4":[1,1,0],"5":[0,1],"6":[0,1],"7":[0,1],"8":[0,1],"9":[1,1],"10":[0,0],"11":[0,0],"12":[0,0],"13":[0,0],"14":[0,0],"15":[0,1],"16":[0,1],"17":[1,0]},"_coverageSchema":"1a1c01bbd47fc00a2c39e90264f33305004495a9","hash":"f80ed639b0cfcf86184c3d03cb30e7a2a39441e6"}
,"C:\\Projects\\MVP web app\\server\\controllers\\paymentController.js": {"path":"C:\\Projects\\MVP web app\\server\\controllers\\paymentController.js","statementMap":{"0":{"start":{"line":2,"column":16},"end":{"line":2,"column":44}},"1":{"start":{"line":5,"column":0},"end":{"line":18,"column":2}},"2":{"start":{"line":6,"column":2},"end":{"line":17,"column":3}},"3":{"start":{"line":7,"column":23},"end":{"line":11,"column":6}},"4":{"start":{"line":13,"column":4},"end":{"line":13,"column":28}},"5":{"start":{"line":14,"column":4},"end":{"line":14,"column":37}},"6":{"start":{"line":16,"column":4},"end":{"line":16,"column":66}},"7":{"start":{"line":21,"column":0},"end":{"line":31,"column":2}},"8":{"start":{"line":22,"column":2},"end":{"line":30,"column":3}},"9":{"start":{"line":23,"column":20},"end":{"line":23,"column":57}},"10":{"start":{"line":24,"column":4},"end":{"line":26,"column":5}},"11":{"start":{"line":25,"column":6},"end":{"line":25,"column":67}},"12":{"start":{"line":27,"column":4},"end":{"line":27,"column":34}},"13":{"start":{"line":29,"column":4},"end":{"line":29,"column":66}}},"fnMap":{"0":{"name":"(anonymous_0)","decl":{"start":{"line":5,"column":24},"end":{"line":5,"column":25}},"loc":{"start":{"line":5,"column":44},"end":{"line":18,"column":1}},"line":5},"1":{"name":"(anonymous_1)","decl":{"start":{"line":21,"column":21},"end":{"line":21,"column":22}},"loc":{"start":{"line":21,"column":41},"end":{"line":31,"column":1}},"line":21}},"branchMap":{"0":{"loc":{"start":{"line":24,"column":4},"end":{"line":26,"column":5}},"type":"if","locations":[{"start":{"line":24,"column":4},"end":{"line":26,"column":5}},{"start":{},"end":{}}],"line":24}},"s":{"0":1,"1":1,"2":0,"3":0,"4":0,"5":0,"6":0,"7":1,"8":0,"9":0,"10":0,"11":0,"12":0,"13":0},"f":{"0":0,"1":0},"b":{"0":[0,0]},"_coverageSchema":"1a1c01bbd47fc00a2c39e90264f33305004495a9","hash":"145d01903f19f455454ab296f946524a832c1513"}
,"C:\\Projects\\MVP web app\\server\\controllers\\userController.js": {"path":"C:\\Projects\\MVP web app\\server\\controllers\\userController.js","statementMap":{"0":{"start":{"line":1,"column":15},"end":{"line":1,"column":34}},"1":{"start":{"line":2,"column":12},"end":{"line":2,"column":35}},"2":{"start":{"line":3,"column":21},"end":{"line":3,"column":53}},"3":{"start":{"line":4,"column":13},"end":{"line":4,"column":38}},"4":{"start":{"line":7,"column":22},"end":{"line":9,"column":1}},"5":{"start":{"line":8,"column":4},"end":{"line":8,"column":83}},"6":{"start":{"line":12,"column":21},"end":{"line":44,"column":2}},"7":{"start":{"line":13,"column":42},"end":{"line":13,"column":50}},"8":{"start":{"line":15,"column":4},"end":{"line":18,"column":5}},"9":{"start":{"line":16,"column":8},"end":{"line":16,"column":24}},"10":{"start":{"line":17,"column":8},"end":{"line":17,"column":51}},"11":{"start":{"line":20,"column":23},"end":{"line":20,"column":52}},"12":{"start":{"line":22,"column":4},"end":{"line":26,"column":5}},"13":{"start":{"line":23,"column":8},"end":{"line":23,"column":24}},"14":{"start":{"line":24,"column":8},"end":{"line":24,"column":56}},"15":{"start":{"line":25,"column":8},"end":{"line":25,"column":50}},"16":{"start":{"line":28,"column":27},"end":{"line":28,"column":58}},"17":{"start":{"line":30,"column":20},"end":{"line":35,"column":6}},"18":{"start":{"line":37,"column":4},"end":{"line":43,"column":7}},"19":{"start":{"line":47,"column":18},"end":{"line":65,"column":2}},"20":{"start":{"line":48,"column":32},"end":{"line":48,"column":40}},"21":{"start":{"line":50,"column":17},"end":{"line":50,"column":46}},"22":{"start":{"line":52,"column":4},"end":{"line":64,"column":5}},"23":{"start":{"line":53,"column":8},"end":{"line":59,"column":11}},"24":{"start":{"line":61,"column":8},"end":{"line":61,"column":24}},"25":{"start":{"line":62,"column":8},"end":{"line":62,"column":71}},"26":{"start":{"line":63,"column":8},"end":{"line":63,"column":59}},"27":{"start":{"line":68,"column":23},"end":{"line":82,"column":2}},"28":{"start":{"line":69,"column":17},"end":{"line":69,"column":49}},"29":{"start":{"line":71,"column":4},"end":{"line":81,"column":5}},"30":{"start":{"line":72,"column":8},"end":{"line":77,"column":11}},"31":{"start":{"line":79,"column":8},"end":{"line":79,"column":24}},"32":{"start":{"line":80,"column":8},"end":{"line":80,"column":47}},"33":{"start":{"line":85,"column":19},"end":{"line":106,"column":2}},"34":{"start":{"line":86,"column":32},"end":{"line":86,"column":40}},"35":{"start":{"line":87,"column":17},"end":{"line":87,"column":49}},"36":{"start":{"line":89,"column":4},"end":{"line":92,"column":5}},"37":{"start":{"line":90,"column":8},"end":{"line":90,"column":24}},"38":{"start":{"line":91,"column":8},"end":{"line":91,"column":47}},"39":{"start":{"line":94,"column":4},"end":{"line":94,"column":46}},"40":{"start":{"line":95,"column":4},"end":{"line":95,"column":37}},"41":{"start":{"line":97,"column":24},"end":{"line":97,"column":41}},"42":{"start":{"line":99,"column":4},"end":{"line":105,"column":7}},"43":{"start":{"line":109,"column":23},"end":{"line":129,"column":2}},"44":{"start":{"line":110,"column":45},"end":{"line":110,"column":53}},"45":{"start":{"line":112,"column":26},"end":{"line":112,"column":65}},"46":{"start":{"line":113,"column":4},"end":{"line":116,"column":5}},"47":{"start":{"line":114,"column":8},"end":{"line":114,"column":24}},"48":{"start":{"line":115,"column":8},"end":{"line":115,"column":119}},"49":{"start":{"line":118,"column":17},"end":{"line":118,"column":49}},"50":{"start":{"line":120,"column":4},"end":{"line":128,"column":5}},"51":{"start":{"line":121,"column":8},"end":{"line":121,"column":59}},"52":{"start":{"line":122,"column":8},"end":{"line":122,"column":26}},"53":{"start":{"line":124,"column":8},"end":{"line":124,"column":64}},"54":{"start":{"line":126,"column":8},"end":{"line":126,"column":24}},"55":{"start":{"line":127,"column":8},"end":{"line":127,"column":56}},"56":{"start":{"line":132,"column":19},"end":{"line":142,"column":2}},"57":{"start":{"line":133,"column":17},"end":{"line":133,"column":51}},"58":{"start":{"line":135,"column":4},"end":{"line":141,"column":5}},"59":{"start":{"line":136,"column":8},"end":{"line":136,"column":31}},"60":{"start":{"line":137,"column":8},"end":{"line":137,"column":64}},"61":{"start":{"line":139,"column":8},"end":{"line":139,"column":24}},"62":{"start":{"line":140,"column":8},"end":{"line":140,"column":47}},"63":{"start":{"line":144,"column":0},"end":{"line":144,"column":101}}},"fnMap":{"0":{"name":"(anonymous_0)","decl":{"start":{"line":7,"column":22},"end":{"line":7,"column":23}},"loc":{"start":{"line":7,"column":39},"end":{"line":9,"column":1}},"line":7},"1":{"name":"(anonymous_1)","decl":{"start":{"line":12,"column":34},"end":{"line":12,"column":35}},"loc":{"start":{"line":12,"column":54},"end":{"line":44,"column":1}},"line":12},"2":{"name":"(anonymous_2)","decl":{"start":{"line":47,"column":31},"end":{"line":47,"column":32}},"loc":{"start":{"line":47,"column":51},"end":{"line":65,"column":1}},"line":47},"3":{"name":"(anonymous_3)","decl":{"start":{"line":68,"column":36},"end":{"line":68,"column":37}},"loc":{"start":{"line":68,"column":56},"end":{"line":82,"column":1}},"line":68},"4":{"name":"(anonymous_4)","decl":{"start":{"line":85,"column":32},"end":{"line":85,"column":33}},"loc":{"start":{"line":85,"column":52},"end":{"line":106,"column":1}},"line":85},"5":{"name":"(anonymous_5)","decl":{"start":{"line":109,"column":36},"end":{"line":109,"column":37}},"loc":{"start":{"line":109,"column":56},"end":{"line":129,"column":1}},"line":109},"6":{"name":"(anonymous_6)","decl":{"start":{"line":132,"column":32},"end":{"line":132,"column":33}},"loc":{"start":{"line":132,"column":52},"end":{"line":142,"column":1}},"line":132}},"branchMap":{"0":{"loc":{"start":{"line":15,"column":4},"end":{"line":18,"column":5}},"type":"if","locations":[{"start":{"line":15,"column":4},"end":{"line":18,"column":5}},{"start":{},"end":{}}],"line":15},"1":{"loc":{"start":{"line":15,"column":8},"end":{"line":15,"column":40}},"type":"binary-expr","locations":[{"start":{"line":15,"column":8},"end":{"line":15,"column":17}},{"start":{"line":15,"column":21},"end":{"line":15,"column":27}},{"start":{"line":15,"column":31},"end":{"line":15,"column":40}}],"line":15},"2":{"loc":{"start":{"line":22,"column":4},"end":{"line":26,"column":5}},"type":"if","locations":[{"start":{"line":22,"column":4},"end":{"line":26,"column":5}},{"start":{},"end":{}}],"line":22},"3":{"loc":{"start":{"line":52,"column":4},"end":{"line":64,"column":5}},"type":"if","locations":[{"start":{"line":52,"column":4},"end":{"line":64,"column":5}},{"start":{"line":60,"column":11},"end":{"line":64,"column":5}}],"line":52},"4":{"loc":{"start":{"line":52,"column":8},"end":{"line":52,"column":63}},"type":"binary-expr","locations":[{"start":{"line":52,"column":8},"end":{"line":52,"column":12}},{"start":{"line":52,"column":17},"end":{"line":52,"column":62}}],"line":52},"5":{"loc":{"start":{"line":71,"column":4},"end":{"line":81,"column":5}},"type":"if","locations":[{"start":{"line":71,"column":4},"end":{"line":81,"column":5}},{"start":{"line":78,"column":11},"end":{"line":81,"column":5}}],"line":71},"6":{"loc":{"start":{"line":89,"column":4},"end":{"line":92,"column":5}},"type":"if","locations":[{"start":{"line":89,"column":4},"end":{"line":92,"column":5}},{"start":{},"end":{}}],"line":89},"7":{"loc":{"start":{"line":94,"column":20},"end":{"line":94,"column":45}},"type":"binary-expr","locations":[{"start":{"line":94,"column":20},"end":{"line":94,"column":28}},{"start":{"line":94,"column":32},"end":{"line":94,"column":45}}],"line":94},"8":{"loc":{"start":{"line":95,"column":17},"end":{"line":95,"column":36}},"type":"binary-expr","locations":[{"start":{"line":95,"column":17},"end":{"line":95,"column":22}},{"start":{"line":95,"column":26},"end":{"line":95,"column":36}}],"line":95},"9":{"loc":{"start":{"line":113,"column":4},"end":{"line":116,"column":5}},"type":"if","locations":[{"start":{"line":113,"column":4},"end":{"line":116,"column":5}},{"start":{},"end":{}}],"line":113},"10":{"loc":{"start":{"line":120,"column":4},"end":{"line":128,"column":5}},"type":"if","locations":[{"start":{"line":120,"column":4},"end":{"line":128,"column":5}},{"start":{"line":125,"column":11},"end":{"line":128,"column":5}}],"line":120},"11":{"loc":{"start":{"line":120,"column":8},"end":{"line":120,"column":70}},"type":"binary-expr","locations":[{"start":{"line":120,"column":8},"end":{"line":120,"column":12}},{"start":{"line":120,"column":17},"end":{"line":120,"column":69}}],"line":120},"12":{"loc":{"start":{"line":135,"column":4},"end":{"line":141,"column":5}},"type":"if","locations":[{"start":{"line":135,"column":4},"end":{"line":141,"column":5}},{"start":{"line":138,"column":11},"end":{"line":141,"column":5}}],"line":135}},"s":{"0":1,"1":1,"2":1,"3":1,"4":1,"5":0,"6":1,"7":0,"8":0,"9":0,"10":0,"11":0,"12":0,"13":0,"14":0,"15":0,"16":0,"17":0,"18":0,"19":1,"20":0,"21":0,"22":0,"23":0,"24":0,"25":0,"26":0,"27":1,"28":0,"29":0,"30":0,"31":0,"32":0,"33":1,"34":0,"35":0,"36":0,"37":0,"38":0,"39":0,"40":0,"41":0,"42":0,"43":1,"44":0,"45":0,"46":0,"47":0,"48":0,"49":0,"50":0,"51":0,"52":0,"53":0,"54":0,"55":0,"56":1,"57":0,"58":0,"59":0,"60":0,"61":0,"62":0,"63":1},"f":{"0":0,"1":0,"2":0,"3":0,"4":0,"5":0,"6":0},"b":{"0":[0,0],"1":[0,0,0],"2":[0,0],"3":[0,0],"4":[0,0],"5":[0,0],"6":[0,0],"7":[0,0],"8":[0,0],"9":[0,0],"10":[0,0],"11":[0,0],"12":[0,0]},"_coverageSchema":"1a1c01bbd47fc00a2c39e90264f33305004495a9","hash":"f2f38d5775b4464fee55e488e26a3eb201b6dae0"}
,"C:\\Projects\\MVP web app\\server\\controllers\\wishlistController.js": {"path":"C:\\Projects\\MVP web app\\server\\controllers\\wishlistController.js","statementMap":{"0":{"start":{"line":1,"column":17},"end":{"line":1,"column":51}},"1":{"start":{"line":2,"column":13},"end":{"line":2,"column":43}},"2":{"start":{"line":5,"column":20},"end":{"line":11,"column":1}},"3":{"start":{"line":6,"column":19},"end":{"line":6,"column":83}},"4":{"start":{"line":7,"column":2},"end":{"line":9,"column":3}},"5":{"start":{"line":8,"column":4},"end":{"line":8,"column":67}},"6":{"start":{"line":10,"column":2},"end":{"line":10,"column":21}},"7":{"start":{"line":14,"column":26},"end":{"line":34,"column":1}},"8":{"start":{"line":15,"column":21},"end":{"line":15,"column":29}},"9":{"start":{"line":16,"column":15},"end":{"line":16,"column":42}},"10":{"start":{"line":18,"column":2},"end":{"line":20,"column":3}},"11":{"start":{"line":19,"column":4},"end":{"line":19,"column":63}},"12":{"start":{"line":22,"column":17},"end":{"line":22,"column":63}},"13":{"start":{"line":24,"column":2},"end":{"line":26,"column":3}},"14":{"start":{"line":25,"column":4},"end":{"line":25,"column":63}},"15":{"start":{"line":28,"column":2},"end":{"line":31,"column":3}},"16":{"start":{"line":29,"column":4},"end":{"line":29,"column":32}},"17":{"start":{"line":30,"column":4},"end":{"line":30,"column":26}},"18":{"start":{"line":33,"column":2},"end":{"line":33,"column":33}},"19":{"start":{"line":37,"column":31},"end":{"line":49,"column":1}},"20":{"start":{"line":38,"column":21},"end":{"line":38,"column":31}},"21":{"start":{"line":39,"column":19},"end":{"line":39,"column":65}},"22":{"start":{"line":41,"column":2},"end":{"line":43,"column":3}},"23":{"start":{"line":42,"column":4},"end":{"line":42,"column":67}},"24":{"start":{"line":45,"column":2},"end":{"line":45,"column":73}},"25":{"start":{"line":45,"column":47},"end":{"line":45,"column":71}},"26":{"start":{"line":46,"column":2},"end":{"line":46,"column":24}},"27":{"start":{"line":48,"column":2},"end":{"line":48,"column":21}},"28":{"start":{"line":52,"column":22},"end":{"line":63,"column":1}},"29":{"start":{"line":53,"column":19},"end":{"line":53,"column":65}},"30":{"start":{"line":55,"column":2},"end":{"line":57,"column":3}},"31":{"start":{"line":56,"column":4},"end":{"line":56,"column":67}},"32":{"start":{"line":59,"column":2},"end":{"line":59,"column":22}},"33":{"start":{"line":60,"column":2},"end":{"line":60,"column":24}},"34":{"start":{"line":62,"column":2},"end":{"line":62,"column":44}},"35":{"start":{"line":65,"column":0},"end":{"line":70,"column":2}}},"fnMap":{"0":{"name":"(anonymous_0)","decl":{"start":{"line":5,"column":20},"end":{"line":5,"column":21}},"loc":{"start":{"line":5,"column":40},"end":{"line":11,"column":1}},"line":5},"1":{"name":"(anonymous_1)","decl":{"start":{"line":14,"column":26},"end":{"line":14,"column":27}},"loc":{"start":{"line":14,"column":46},"end":{"line":34,"column":1}},"line":14},"2":{"name":"(anonymous_2)","decl":{"start":{"line":37,"column":31},"end":{"line":37,"column":32}},"loc":{"start":{"line":37,"column":51},"end":{"line":49,"column":1}},"line":37},"3":{"name":"(anonymous_3)","decl":{"start":{"line":45,"column":41},"end":{"line":45,"column":42}},"loc":{"start":{"line":45,"column":47},"end":{"line":45,"column":71}},"line":45},"4":{"name":"(anonymous_4)","decl":{"start":{"line":52,"column":22},"end":{"line":52,"column":23}},"loc":{"start":{"line":52,"column":42},"end":{"line":63,"column":1}},"line":52}},"branchMap":{"0":{"loc":{"start":{"line":7,"column":2},"end":{"line":9,"column":3}},"type":"if","locations":[{"start":{"line":7,"column":2},"end":{"line":9,"column":3}},{"start":{},"end":{}}],"line":7},"1":{"loc":{"start":{"line":18,"column":2},"end":{"line":20,"column":3}},"type":"if","locations":[{"start":{"line":18,"column":2},"end":{"line":20,"column":3}},{"start":{},"end":{}}],"line":18},"2":{"loc":{"start":{"line":24,"column":2},"end":{"line":26,"column":3}},"type":"if","locations":[{"start":{"line":24,"column":2},"end":{"line":26,"column":3}},{"start":{},"end":{}}],"line":24},"3":{"loc":{"start":{"line":28,"column":2},"end":{"line":31,"column":3}},"type":"if","locations":[{"start":{"line":28,"column":2},"end":{"line":31,"column":3}},{"start":{},"end":{}}],"line":28},"4":{"loc":{"start":{"line":41,"column":2},"end":{"line":43,"column":3}},"type":"if","locations":[{"start":{"line":41,"column":2},"end":{"line":43,"column":3}},{"start":{},"end":{}}],"line":41},"5":{"loc":{"start":{"line":55,"column":2},"end":{"line":57,"column":3}},"type":"if","locations":[{"start":{"line":55,"column":2},"end":{"line":57,"column":3}},{"start":{},"end":{}}],"line":55}},"s":{"0":1,"1":1,"2":1,"3":0,"4":0,"5":0,"6":0,"7":1,"8":0,"9":0,"10":0,"11":0,"12":0,"13":0,"14":0,"15":0,"16":0,"17":0,"18":0,"19":1,"20":0,"21":0,"22":0,"23":0,"24":0,"25":0,"26":0,"27":0,"28":1,"29":0,"30":0,"31":0,"32":0,"33":0,"34":0,"35":1},"f":{"0":0,"1":0,"2":0,"3":0,"4":0},"b":{"0":[0,0],"1":[0,0],"2":[0,0],"3":[0,0],"4":[0,0],"5":[0,0]},"_coverageSchema":"1a1c01bbd47fc00a2c39e90264f33305004495a9","hash":"5717e804791b602a473f16053385066bc7775472"}
,"C:\\Projects\\MVP web app\\server\\models\\Admin.js": {"path":"C:\\Projects\\MVP web app\\server\\models\\Admin.js","statementMap":{"0":{"start":{"line":2,"column":17},"end":{"line":2,"column":36}},"1":{"start":{"line":3,"column":15},"end":{"line":3,"column":30}},"2":{"start":{"line":5,"column":20},"end":{"line":7,"column":2}},"3":{"start":{"line":9,"column":14},"end":{"line":9,"column":50}},"4":{"start":{"line":11,"column":0},"end":{"line":11,"column":23}}},"fnMap":{},"branchMap":{},"s":{"0":0,"1":0,"2":0,"3":0,"4":0},"f":{},"b":{}}
,"C:\\Projects\\MVP web app\\server\\models\\Category.js": {"path":"C:\\Projects\\MVP web app\\server\\models\\Category.js","statementMap":{"0":{"start":{"line":2,"column":17},"end":{"line":2,"column":36}},"1":{"start":{"line":3,"column":15},"end":{"line":3,"column":30}},"2":{"start":{"line":5,"column":23},"end":{"line":7,"column":2}},"3":{"start":{"line":9,"column":17},"end":{"line":9,"column":59}},"4":{"start":{"line":11,"column":0},"end":{"line":11,"column":26}}},"fnMap":{},"branchMap":{},"s":{"0":0,"1":0,"2":0,"3":0,"4":0},"f":{},"b":{}}
,"C:\\Projects\\MVP web app\\server\\models\\Dispute.js": {"path":"C:\\Projects\\MVP web app\\server\\models\\Dispute.js","statementMap":{"0":{"start":{"line":1,"column":22},"end":{"line":7,"column":2}},"1":{"start":{"line":9,"column":0},"end":{"line":9,"column":58}}},"fnMap":{},"branchMap":{},"s":{"0":0,"1":0},"f":{},"b":{}}
,"C:\\Projects\\MVP web app\\server\\models\\Escrow.js": {"path":"C:\\Projects\\MVP web app\\server\\models\\Escrow.js","statementMap":{"0":{"start":{"line":1,"column":21},"end":{"line":5,"column":2}},"1":{"start":{"line":7,"column":0},"end":{"line":7,"column":56}}},"fnMap":{},"branchMap":{},"s":{"0":0,"1":0},"f":{},"b":{}}
,"C:\\Projects\\MVP web app\\server\\models\\Message.js": {"path":"C:\\Projects\\MVP web app\\server\\models\\Message.js","statementMap":{"0":{"start":{"line":1,"column":22},"end":{"line":6,"column":2}},"1":{"start":{"line":8,"column":0},"end":{"line":8,"column":58}}},"fnMap":{},"branchMap":{},"s":{"0":0,"1":0},"f":{},"b":{}}
,"C:\\Projects\\MVP web app\\server\\models\\Payment.js": {"path":"C:\\Projects\\MVP web app\\server\\models\\Payment.js","statementMap":{"0":{"start":{"line":1,"column":17},"end":{"line":1,"column":36}},"1":{"start":{"line":3,"column":22},"end":{"line":21,"column":2}},"2":{"start":{"line":23,"column":16},"end":{"line":23,"column":56}},"3":{"start":{"line":25,"column":0},"end":{"line":25,"column":25}}},"fnMap":{},"branchMap":{},"s":{"0":1,"1":1,"2":1,"3":1},"f":{},"b":{},"_coverageSchema":"1a1c01bbd47fc00a2c39e90264f33305004495a9","hash":"2743c05c1a5e2b498b2cf16997d4e22e2da3da58"}
,"C:\\Projects\\MVP web app\\server\\models\\Review.js": {"path":"C:\\Projects\\MVP web app\\server\\models\\Review.js","statementMap":{"0":{"start":{"line":1,"column":21},"end":{"line":6,"column":2}},"1":{"start":{"line":8,"column":0},"end":{"line":8,"column":56}}},"fnMap":{},"branchMap":{},"s":{"0":0,"1":0},"f":{},"b":{}}
,"C:\\Projects\\MVP web app\\server\\models\\User.js": {"path":"C:\\Projects\\MVP web app\\server\\models\\User.js","statementMap":{"0":{"start":{"line":1,"column":17},"end":{"line":1,"column":36}},"1":{"start":{"line":3,"column":19},"end":{"line":13,"column":24}},"2":{"start":{"line":15,"column":13},"end":{"line":15,"column":47}},"3":{"start":{"line":17,"column":0},"end":{"line":17,"column":22}}},"fnMap":{},"branchMap":{},"s":{"0":1,"1":1,"2":1,"3":1},"f":{},"b":{},"_coverageSchema":"1a1c01bbd47fc00a2c39e90264f33305004495a9","hash":"d60d7bc9114592b403143f70299fa9bc118e2c70"}
,"C:\\Projects\\MVP web app\\server\\models\\basketModel.js": {"path":"C:\\Projects\\MVP web app\\server\\models\\basketModel.js","statementMap":{"0":{"start":{"line":1,"column":17},"end":{"line":1,"column":36}},"1":{"start":{"line":3,"column":25},"end":{"line":13,"column":1}},"2":{"start":{"line":15,"column":21},"end":{"line":28,"column":1}},"3":{"start":{"line":30,"column":15},"end":{"line":30,"column":53}},"4":{"start":{"line":32,"column":0},"end":{"line":32,"column":24}}},"fnMap":{},"branchMap":{},"s":{"0":1,"1":1,"2":1,"3":1,"4":1},"f":{},"b":{},"_coverageSchema":"1a1c01bbd47fc00a2c39e90264f33305004495a9","hash":"b5381bc1433c23ce354b2f53a31cd0a70ec3a1fd"}
,"C:\\Projects\\MVP web app\\server\\models\\chatModel.js": {"path":"C:\\Projects\\MVP web app\\server\\models\\chatModel.js","statementMap":{"0":{"start":{"line":1,"column":17},"end":{"line":1,"column":36}},"1":{"start":{"line":4,"column":22},"end":{"line":24,"column":1}},"2":{"start":{"line":27,"column":19},"end":{"line":40,"column":1}},"3":{"start":{"line":42,"column":13},"end":{"line":42,"column":47}},"4":{"start":{"line":44,"column":0},"end":{"line":44,"column":22}}},"fnMap":{},"branchMap":{},"s":{"0":1,"1":1,"2":1,"3":1,"4":1},"f":{},"b":{},"_coverageSchema":"1a1c01bbd47fc00a2c39e90264f33305004495a9","hash":"605b285b55fb997f95069ac7605dca57413cda6e"}
,"C:\\Projects\\MVP web app\\server\\models\\itemModel.js": {"path":"C:\\Projects\\MVP web app\\server\\models\\itemModel.js","statementMap":{"0":{"start":{"line":1,"column":17},"end":{"line":1,"column":36}},"1":{"start":{"line":3,"column":19},"end":{"line":12,"column":2}},"2":{"start":{"line":14,"column":13},"end":{"line":14,"column":47}},"3":{"start":{"line":16,"column":0},"end":{"line":16,"column":22}}},"fnMap":{},"branchMap":{},"s":{"0":1,"1":1,"2":1,"3":1},"f":{},"b":{},"_coverageSchema":"1a1c01bbd47fc00a2c39e90264f33305004495a9","hash":"10ab6b51c3c4862c72f0b582a750637a13af142d"}
,"C:\\Projects\\MVP web app\\server\\models\\orderModel.js": {"path":"C:\\Projects\\MVP web app\\server\\models\\orderModel.js","statementMap":{"0":{"start":{"line":1,"column":17},"end":{"line":1,"column":36}},"1":{"start":{"line":3,"column":23},"end":{"line":9,"column":18}},"2":{"start":{"line":11,"column":20},"end":{"line":35,"column":1}},"3":{"start":{"line":36,"column":0},"end":{"line":46,"column":3}},"4":{"start":{"line":37,"column":2},"end":{"line":44,"column":3}},"5":{"start":{"line":38,"column":4},"end":{"line":43,"column":7}},"6":{"start":{"line":45,"column":2},"end":{"line":45,"column":9}},"7":{"start":{"line":48,"column":0},"end":{"line":48,"column":54}}},"fnMap":{"0":{"name":"(anonymous_0)","decl":{"start":{"line":36,"column":24},"end":{"line":36,"column":25}},"loc":{"start":{"line":36,"column":40},"end":{"line":46,"column":1}},"line":36}},"branchMap":{"0":{"loc":{"start":{"line":37,"column":2},"end":{"line":44,"column":3}},"type":"if","locations":[{"start":{"line":37,"column":2},"end":{"line":44,"column":3}},{"start":{},"end":{}}],"line":37}},"s":{"0":1,"1":1,"2":1,"3":1,"4":7,"5":5,"6":7,"7":1},"f":{"0":7},"b":{"0":[5,2]},"_coverageSchema":"1a1c01bbd47fc00a2c39e90264f33305004495a9","hash":"6e71f6e29a21e33588d725d7fd2c19fdbd66b6ba"}
,"C:\\Projects\\MVP web app\\server\\models\\wishlistModel.js": {"path":"C:\\Projects\\MVP web app\\server\\models\\wishlistModel.js","statementMap":{"0":{"start":{"line":1,"column":17},"end":{"line":1,"column":36}},"1":{"start":{"line":3,"column":23},"end":{"line":17,"column":2}},"2":{"start":{"line":19,"column":17},"end":{"line":19,"column":59}},"3":{"start":{"line":20,"column":0},"end":{"line":20,"column":26}}},"fnMap":{},"branchMap":{},"s":{"0":1,"1":1,"2":1,"3":1},"f":{},"b":{},"_coverageSchema":"1a1c01bbd47fc00a2c39e90264f33305004495a9","hash":"4f5039ae6dda630390da5c6c810a460af4164fae"}
}
